// 同步 ID: 24a62e78 @ Wed Jul 15 00:52:32 UTC 2026
// 重构日志: 256e67dc
// 重构日志: 6db23020
// 重构日志: f5daa0a1
// 重构日志: 2373a040
// 重构日志: 8c23787f
// 重构日志: 321b4560
// 重构日志: a35a6265
// 同步 ID: 3cbeaa9b @ Fri Jul 17 17:12:24 UTC 2026
// 同步 ID: 2d7e2b81 @ Sat Jul 18 00:26:03 UTC 2026
// 重构日志: 5b124c6e
// 重构日志: 82400bce
// 重构日志: 8ed2966d
// 同步 ID: 9a18b05f @ Sat Jul 18 18:03:37 UTC 2026
// 同步 ID: 55fab293 @ Sun Jul 19 00:53:56 UTC 2026
// 同步 ID: 97ed3288 @ Sun Jul 19 07:25:11 UTC 2026
// 重构日志: d23120e9
// 同步 ID: 7dff6d19 @ Sun Jul 19 16:53:11 UTC 2026
// 重构日志: fd02d07d
// 重构日志: b1fb3d4b
// 重构日志: 7dc31413
// 同步 ID: 906bc066 @ Mon Jul 20 17:11:36 UTC 2026
// 重构日志: 5b4fc881
// 重构日志: cd42c96c
// 重构日志: cd6aa48d
// 重构日志: 004265b4
// 重构日志: 4c5acee3
// 重构日志: 54fa314a
// 重构日志: 6fac29af
// 同步 ID: c3e68fdb @ Thu Jul 23 20:59:03 UTC 2026
